Build started 4/23/2016 11:27:18 PM.
     1>Project "C:\Users\Anya\Documents\Visual Studio 2015\Projects\Lab2\Lab2\Lab2.vcxproj" on node 2 (Build target(s)).
     1>Building with tools version "14.0".
     1>Target "_CheckForInvalidConfigurationAndPlatform" in file "C:\Program Files (x86)\MSBuild\14.0\bin\Microsoft.Common.CurrentVersion.targets" from project "C:\Users\Anya\Documents\Visual Studio 2015\Projects\Lab2\Lab2\Lab2.vcxproj" (entry point):
       Task "Error" skipped, due to false condition; ( '$(_InvalidConfigurationError)' == 'true' ) was evaluated as ( '' == 'true' ).
       Task "Warning" skipped, due to false condition; ( '$(_InvalidConfigurationWarning)' == 'true' ) was evaluated as ( '' == 'true' ).
       Using "Message" task from assembly "Microsoft.Build.Tasks.Core, Version=14.0.0.0, Culture=neutral, PublicKeyToken=b03f5f7f11d50a3a".
       Task "Message"
         Configuration=Debug
       Done executing task "Message".
       Task "Message"
         Platform=Win32
       Done executing task "Message".
       Task "Error" skipped, due to false condition; ('$(OutDir)' != '' and !HasTrailingSlash('$(OutDir)')) was evaluated as ('C:\Users\Anya\Documents\Visual Studio 2015\Projects\Lab2\Lab2\Debug\' != '' and !HasTrailingSlash('C:\Users\Anya\Documents\Visual Studio 2015\Projects\Lab2\Lab2\Debug\')).
       Task "Error" skipped, due to false condition; ('$(BaseIntermediateOutputPath)' != '' and !HasTrailingSlash('$(BaseIntermediateOutputPath)')) was evaluated as ('obj\' != '' and !HasTrailingSlash('obj\')).
       Task "Error" skipped, due to false condition; ('$(IntermediateOutputPath)' != '' and !HasTrailingSlash('$(IntermediateOutputPath)')) was evaluated as ('Debug\' != '' and !HasTrailingSlash('Debug\')).
     1>Done building target "_CheckForInvalidConfigurationAndPlatform" in project "Lab2.vcxproj".
     1>Target "_PrepareForBuild" in file "C:\Program Files (x86)\MSBuild\Microsoft.Cpp\v4.0\V140\Microsoft.BuildSteps.Targets" from project "C:\Users\Anya\Documents\Visual Studio 2015\Projects\Lab2\Lab2\Lab2.vcxproj" (target "Build" depends on it):
       Task "CreateItem" skipped, due to false condition; ('%(CustomBuild.IncludeFileToTool)'!='') was evaluated as (''!='').
     1>Done building target "_PrepareForBuild" in project "Lab2.vcxproj".
     1>Target "_PrepareForReferenceResolution" in file "C:\Program Files (x86)\MSBuild\Microsoft.Cpp\v4.0\V140\Microsoft.CppBuild.targets" from project "C:\Users\Anya\Documents\Visual Studio 2015\Projects\Lab2\Lab2\Lab2.vcxproj" (target "ResolveReferences" depends on it):
       Task "Message" skipped, due to false condition; ('$(_REFERENCE_DEBUG)'=='true') was evaluated as (''=='true').
     1>Done building target "_PrepareForReferenceResolution" in project "Lab2.vcxproj".
       Target "ComputeCrtSDKReference" skipped, due to false condition; ('@(ClCompile)'!='' and '$(WindowsAppContainer)'=='true' and '$(UseCrtSDKReference)' != 'false') was evaluated as ('main.cpp;SinglyLinkedList.cpp;StackLinkedList.cpp'!='' and 'false'=='true' and '' != 'false').
     1>Target "BeforeResolveReferences" in file "C:\Program Files (x86)\MSBuild\14.0\bin\Microsoft.Common.CurrentVersion.targets" from project "C:\Users\Anya\Documents\Visual Studio 2015\Projects\Lab2\Lab2\Lab2.vcxproj" (target "ResolveReferences" depends on it):
     1>Done building target "BeforeResolveReferences" in project "Lab2.vcxproj".
     1>Target "AssignProjectConfiguration" in file "C:\Program Files (x86)\MSBuild\14.0\bin\Microsoft.Common.CurrentVersion.targets" from project "C:\Users\Anya\Documents\Visual Studio 2015\Projects\Lab2\Lab2\Lab2.vcxproj" (target "ResolveReferences" depends on it):
       Using "AssignProjectConfiguration" task from assembly "Microsoft.Build.Tasks.Core, Version=14.0.0.0, Culture=neutral, PublicKeyToken=b03f5f7f11d50a3a".
       Task "AssignProjectConfiguration"
       Done executing task "AssignProjectConfiguration".
     1>Done building target "AssignProjectConfiguration" in project "Lab2.vcxproj".
       Target "AssignProjectConfiguration" skipped. Previously built successfully.
     1>Target "_SplitProjectReferencesByFileExistence" in file "C:\Program Files (x86)\MSBuild\14.0\bin\Microsoft.Common.CurrentVersion.targets" from project "C:\Users\Anya\Documents\Visual Studio 2015\Projects\Lab2\Lab2\Lab2.vcxproj" (target "ResolveProjectReferences" depends on it):
       Task "ResolveNonMSBuildProjectOutput" skipped, due to false condition; ('$(BuildingInsideVisualStudio)'=='true' and '@(ProjectReferenceWithConfiguration)'!='') was evaluated as ('true'=='true' and ''!='').
     1>Done building target "_SplitProjectReferencesByFileExistence" in project "Lab2.vcxproj".
       Target "_RemoveNameMetadataFromProjectReferenceItems" skipped, due to false condition; ('@(ProjectReference)'!='') was evaluated as (''!='').
     1>Target "ResolveProjectReferences" in file "C:\Program Files (x86)\MSBuild\14.0\bin\Microsoft.Common.CurrentVersion.targets" from project "C:\Users\Anya\Documents\Visual Studio 2015\Projects\Lab2\Lab2\Lab2.vcxproj" (target "ResolveReferences" depends on it):
       Task "MSBuild" skipped, due to false condition; ('%(_MSBuildProjectReferenceExistent.BuildReference)' == 'true' and '@(ProjectReferenceWithConfiguration)' != '' and ('$(BuildingInsideVisualStudio)' == 'true' or '$(BuildProjectReferences)' != 'true') and '$(VisualStudioVersion)' != '10.0' and '@(_MSBuildProjectReferenceExistent)' != '') was evaluated as ('' == 'true' and '' != '' and ('true' == 'true' or 'true' != 'true') and '14.0' != '10.0' and '' != '').
       Task "MSBuild" skipped, due to false condition; ('%(_MSBuildProjectReferenceExistent.BuildReference)' == 'true' and '@(ProjectReferenceWithConfiguration)' != '' and ('$(BuildingInsideVisualStudio)' == 'true' or '$(BuildProjectReferences)' != 'true') and '$(VisualStudioVersion)' == '10.0' and '@(_MSBuildProjectReferenceExistent)' != '') was evaluated as ('' == 'true' and '' != '' and ('true' == 'true' or 'true' != 'true') and '14.0' == '10.0' and '' != '').
       Task "MSBuild" skipped, due to false condition; ('%(_MSBuildProjectReferenceExistent.BuildReference)' == 'true' and '@(ProjectReferenceWithConfiguration)' != '' and '$(BuildingInsideVisualStudio)' != 'true' and '$(BuildProjectReferences)' == 'true' and '@(_MSBuildProjectReferenceExistent)' != '') was evaluated as ('' == 'true' and '' != '' and 'true' != 'true' and 'true' == 'true' and '' != '').
       Task "MSBuild" skipped, due to false condition; ('%(_MSBuildProjectReferenceExistent.BuildReference)' == 'true' and '@(ProjectReferenceWithConfiguration)' != '' and '$(BuildingProject)' == 'true' and '@(_MSBuildProjectReferenceExistent)' != '') was evaluated as ('' == 'true' and '' != '' and 'true' == 'true' and '' != '').
       Task "Warning" skipped, due to false condition; ('@(ProjectReferenceWithConfiguration)' != '' and '@(_MSBuildProjectReferenceNonexistent)' != '') was evaluated as ('' != '' and '' != '').
     1>Done building target "ResolveProjectReferences" in project "Lab2.vcxproj".
       Target "FindInvalidProjectReferences" skipped, due to false condition; ('$(FindInvalidProjectReferences)' == 'true') was evaluated as ('' == 'true').
       Target "ResolveNativeReferences" skipped, due to false condition; ('@(NativeReference)'!='') was evaluated as (''!='').
       Target "_PrepareForReferenceResolution" skipped. Previously built successfully.
     1>Target "GetFrameworkPaths" in file "C:\Program Files (x86)\MSBuild\14.0\bin\Microsoft.NetFramework.CurrentVersion.targets" from project "C:\Users\Anya\Documents\Visual Studio 2015\Projects\Lab2\Lab2\Lab2.vcxproj" (target "ResolveAssemblyReferences" depends on it):
     1>Done building target "GetFrameworkPaths" in project "Lab2.vcxproj".
       Target "GetWinFXPath" skipped, due to false condition; (('@(Page)' != '' or '@(ApplicationDefinition)' != '' or '@(Resource)' != '') and ('$(GetWinFXNativePath)' != '' or '$(GetWinFXWoWPath)' != '' )) was evaluated as (('' != '' or '' != '' or '' != '') and ('' != '' or '' != '' )).
     1>Target "GetReferenceAssemblyPaths" in file "C:\Program Files (x86)\MSBuild\14.0\bin\Microsoft.Common.CurrentVersion.targets" from project "C:\Users\Anya\Documents\Visual Studio 2015\Projects\Lab2\Lab2\Lab2.vcxproj" (target "ResolveAssemblyReferences" depends on it):
       Task "GetReferenceAssemblyPaths" skipped, due to false condition; ('$(TargetFrameworkMoniker)' != '' and ('$(_TargetFrameworkDirectories)' == '' or '$(_FullFrameworkReferenceAssemblyPaths)' == '')) was evaluated as ('' != '' and ('C:\Program Files (x86)\Reference Assemblies\Microsoft\Framework\.NETFramework\v4.0' == '' or 'C:\Program Files (x86)\Reference Assemblies\Microsoft\Framework\.NETFramework\v4.0' == '')).
     1>Done building target "GetReferenceAssemblyPaths" in project "Lab2.vcxproj".
     1>Target "SetBuildDefaultEnvironmentVariables" in file "C:\Program Files (x86)\MSBuild\Microsoft.Cpp\v4.0\V140\Microsoft.Cpp.Current.targets" from project "C:\Users\Anya\Documents\Visual Studio 2015\Projects\Lab2\Lab2\Lab2.vcxproj" (target "PrepareForBuild" depends on it):
       Using "SetEnv" task from assembly "C:\Program Files (x86)\MSBuild\Microsoft.Cpp\v4.0\V140\Microsoft.Build.CppTasks.Common.dll".
       Task "SetEnv"
         PATH=C:\Program Files (x86)\Microsoft Visual Studio 14.0\VC\bin;C:\Program Files (x86)\Windows Kits\8.1\bin\x86;;C:\Program Files (x86)\Microsoft SDKs\Windows\v10.0A\bin\NETFX 4.6 Tools;C:\Program Files (x86)\Microsoft Visual Studio 14.0\Common7\Tools\bin;C:\Program Files (x86)\Microsoft Visual Studio 14.0\Common7\tools;C:\Program Files (x86)\Microsoft Visual Studio 14.0\Common7\ide;C:\Program Files (x86)\HTML Help Workshop;;C:\Program Files (x86)\MSBuild\14.0\bin\;C:\WINDOWS\Microsoft.NET\Framework\v4.0.30319\;C:\WINDOWS\SysWow64;;C:\Program Files (x86)\Microsoft Visual Studio 14.0\Common7\IDE\CommonExtensions\Microsoft\TeamFoundation\Team Explorer\NativeBinaries\x86;C:\ProgramData\Oracle\Java\javapath;c:\Program Files (x86)\Intel\iCLS Client\;c:\Program Files\Intel\iCLS Client\;C:\WINDOWS\system32;C:\WINDOWS;C:\WINDOWS\System32\Wbem;C:\WINDOWS\System32\WindowsPowerShell\v1.0\;C:\Program Files\Intel\Intel(R) Management Engine Components\DAL;C:\Program Files\Intel\Intel(R) Management Engine Components\IPT;C:\Program Files (x86)\Intel\Intel(R) Management Engine Components\DAL;C:\Program Files (x86)\Intel\Intel(R) Management Engine Components\IPT;C:\Program Files (x86)\Skype\Phone\;C:\WINDOWS\system32\config\systemprofile\.dnx\bin;C:\Program Files\Microsoft DNX\Dnvm\;C:\Program Files (x86)\Windows Kits\8.1\Windows Performance Toolkit\;C:\Program Files (x86)\GNU\GnuPG\pub;C:\Program Files\Java\jdk1.8.0_60\bin;
       Done executing task "SetEnv".
       Task "SetEnv"
         LIB=C:\Program Files (x86)\Microsoft Visual Studio 14.0\VC\lib;C:\Program Files (x86)\Microsoft Visual Studio 14.0\VC\atlmfc\lib;C:\Program Files (x86)\Windows Kits\10\lib\10.0.10240.0\ucrt\x86;;;C:\Program Files (x86)\Windows Kits\8.1\lib\winv6.3\um\x86;;C:\Program Files (x86)\Windows Kits\NETFXSDK\4.6\Lib\um\x86
       Done executing task "SetEnv".
       Task "SetEnv"
         LIBPATH=C:\Program Files (x86)\Microsoft Visual Studio 14.0\VC\atlmfc\lib;C:\Program Files (x86)\Microsoft Visual Studio 14.0\VC\lib;
       Done executing task "SetEnv".
       Task "SetEnv"
         INCLUDE=C:\Program Files (x86)\Microsoft Visual Studio 14.0\VC\include;C:\Program Files (x86)\Microsoft Visual Studio 14.0\VC\atlmfc\include;C:\Program Files (x86)\Windows Kits\10\Include\10.0.10240.0\ucrt;;;C:\Program Files (x86)\Windows Kits\8.1\Include\um;C:\Program Files (x86)\Windows Kits\8.1\Include\shared;C:\Program Files (x86)\Windows Kits\8.1\Include\winrt;;
       Done executing task "SetEnv".
     1>Done building target "SetBuildDefaultEnvironmentVariables" in project "Lab2.vcxproj".
       Target "SetUserMacroEnvironmentVariables" skipped, due to false condition; ('@(BuildMacro)' != '' and '$(DesignTimeBuild)' != 'true') was evaluated as ('' != '' and '' != 'true').
     1>Target "GetResolvedWinMD" in file "C:\Program Files (x86)\MSBuild\Microsoft.Cpp\v4.0\V140\Microsoft.CppBuild.targets" from project "C:\Users\Anya\Documents\Visual Studio 2015\Projects\Lab2\Lab2\Lab2.vcxproj" (target "PrepareForBuild" depends on it):
     1>Done building target "GetResolvedWinMD" in project "Lab2.vcxproj".
     1>Target "PlatformPrepareForBuild" in file "C:\Program Files (x86)\MSBuild\Microsoft.Cpp\v4.0\V140\Microsoft.Cpp.Platform.targets" from project "C:\Users\Anya\Documents\Visual Studio 2015\Projects\Lab2\Lab2\Lab2.vcxproj" (target "PrepareForBuild" depends on it):
       Task "VCMessage" skipped, due to false condition; ('$(_Error64bitToolsNotInstalled)' == 'true') was evaluated as ('' == 'true').
       Task "VCMessage" skipped, due to false condition; ('$(DesignTimeBuild)'!='true' and '$(_ToolsetFound)' != 'true' and '$(PlatformToolset)' == 'v110') was evaluated as (''!='true' and 'true' != 'true' and 'v140' == 'v110').
       Task "VCMessage" skipped, due to false condition; ('$(DesignTimeBuild)'!='true' and '$(_ToolsetFound)' != 'true' and '$(PlatformToolset)' == 'v100') was evaluated as (''!='true' and 'true' != 'true' and 'v140' == 'v100').
       Task "VCMessage" skipped, due to false condition; ('$(DesignTimeBuild)'!='true' and '$(_ToolsetFound)' != 'true' and '$(PlatformToolset)' == 'v90') was evaluated as (''!='true' and 'true' != 'true' and 'v140' == 'v90').
       Task "VCMessage" skipped, due to false condition; ('$(DesignTimeBuild)'!='true' and '$(_ToolsetFound)' != 'true' and '$(PlatformToolset)' != 'v90' and '$(PlatformToolset)' != 'v100' and '$(PlatformToolset)' != 'v110') was evaluated as (''!='true' and 'true' != 'true' and 'v140' != 'v90' and 'v140' != 'v100' and 'v140' != 'v110').
     1>Done building target "PlatformPrepareForBuild" in project "Lab2.vcxproj".
       Target "GetFrameworkPaths" skipped. Previously built successfully.
       Target "GetReferenceAssemblyPaths" skipped. Previously built successfully.
       Target "AssignLinkMetadata" skipped, due to false condition; ( '$(SynthesizeLinkMetadata)' == 'true' ) was evaluated as ( '' == 'true' ).
     1>Target "SetCABuildNativeEnvironmentVariables" in file "C:\Program Files (x86)\MSBuild\Microsoft\VisualStudio\v14.0\CodeAnalysis\Microsoft.CodeAnalysis.targets" from project "C:\Users\Anya\Documents\Visual Studio 2015\Projects\Lab2\Lab2\Lab2.vcxproj" (target "PrepareForBuild" depends on it):
       Initializing task factory "CodeTaskFactory" from assembly "C:\Program Files (x86)\MSBuild\14.0\bin\Microsoft.Build.Tasks.Core.dll".
       Using "SetEnvironmentVariable" task from the task factory "Code Task Factory".
       Task "SetEnvironmentVariable"
       Done executing task "SetEnvironmentVariable".
     1>Done building target "SetCABuildNativeEnvironmentVariables" in project "Lab2.vcxproj".
     1>Target "PrepareForBuild" in file "C:\Program Files (x86)\MSBuild\Microsoft.Cpp\v4.0\V140\Microsoft.CppBuild.targets" from project "C:\Users\Anya\Documents\Visual Studio 2015\Projects\Lab2\Lab2\Lab2.vcxproj" (target "ResolveAssemblyReferences" depends on it):
       Task "VCMessage" skipped, due to false condition; ('$(DesignTimeBuild)' != 'true' and '$(ConfigurationPlatformExists)' != 'true') was evaluated as ('' != 'true' and 'true' != 'true').
       Using "MakeDir" task from assembly "Microsoft.Build.Tasks.Core, Version=14.0.0.0, Culture=neutral, PublicKeyToken=b03f5f7f11d50a3a".
       Task "MakeDir"
       Done executing task "MakeDir".
       Task "VCMessage" skipped, due to false condition; ('$(DesignTimeBuild)'!='true' and '$(WindowsAppContainer)'=='true' and '$(ConfigurationType)'!='Application' and '$(ConfigurationType)'!='DynamicLibrary' and '$(ConfigurationType)'!='StaticLibrary') was evaluated as (''!='true' and 'false'=='true' and 'Application'!='Application' and 'Application'!='DynamicLibrary' and 'Application'!='StaticLibrary').
       Task "VCMessage" skipped, due to false condition; ('$(DesignTimeBuild)'!='true' and '$(VCInstallDir)'=='' and '$(UseEnv)' != 'true' and ('$(TargetFrameworkVersion)'=='v3.5' or '$(TargetFrameworkVersion)'=='v3.0' or '$(TargetFrameworkVersion)'=='v2.0' )) was evaluated as (''!='true' and 'C:\Program Files (x86)\Microsoft Visual Studio 14.0\VC\'=='' and '' != 'true' and ('v4.0'=='v3.5' or 'v4.0'=='v3.0' or 'v4.0'=='v2.0' )).
       Task "VCMessage" skipped, due to false condition; ('$(DesignTimeBuild)'!='true' and '$(VCInstallDir)'=='' and '$(UseEnv)' != 'true' and '$(PlatformToolset)'=='v90') was evaluated as (''!='true' and 'C:\Program Files (x86)\Microsoft Visual Studio 14.0\VC\'=='' and '' != 'true' and 'v140'=='v90').
       Task "VCMessage" skipped, due to false condition; ('$(VCInstallDir)'=='' and '$(UseEnv)' != 'true') was evaluated as ('C:\Program Files (x86)\Microsoft Visual Studio 14.0\VC\'=='' and '' != 'true').
       Task "VCMessage" skipped, due to false condition; ('$(WindowsSDKDir)'=='' and '$(UseEnv)' != 'true') was evaluated as ('C:\Program Files (x86)\Windows Kits\8.1\'=='' and '' != 'true').
       Task "VCMessage" skipped, due to false condition; ('$(IntDirTrailingSlashWarning)'=='true') was evaluated as (''=='true').
       Task "VCMessage" skipped, due to false condition; ('$(OutDirTrailingSlashWarning)'=='true') was evaluated as (''=='true').
       Task "VCMessage" skipped, due to false condition; ('%(CompatibilityIssues.Identity)' != '' and '$(DesignTimeBuild)'!='true') was evaluated as ('' != '' and ''!='true').
       Task "VCMessage" skipped, due to false condition; ('$(_MBCS_Using)' == 'true' and '$(_MBCS_Installed)' != 'true' and '$(DesignTimeBuild)' != 'true') was evaluated as ('' == 'true' and '' != 'true' and '' != 'true').
       Task "VCMessage" skipped, due to false condition; ('$(IgnoreWarnIntDirSharingDetected)' != 'true' and '$(IntDirSharingDetected)' == 'true') was evaluated as ('' != 'true' and '' == 'true').
       Task "VCMessage" skipped, due to false condition; ('$(IgnoreWarnIntDirInTempDetected)' != 'true' and ('$(_IntDirFullpath.StartsWith($(Tmp), true, null))' == 'true' or '$(_IntDirFullpath.StartsWith($(Temp), true, null))' == 'true' or '$(_OutDirFullpath.StartsWith($(Tmp), true, null))' == 'true' or '$(_OutDirFullpath.StartsWith($(Temp), true, null))' == 'true')) was evaluated as ('' != 'true' and ('False' == 'true' or 'False' == 'true' or 'False' == 'true' or 'False' == 'true')).
       Task "MakeDir"
       Done executing task "MakeDir".
     1>Done building target "PrepareForBuild" in project "Lab2.vcxproj".
       Target "_PrepareForReferenceResolution" skipped. Previously built successfully.
       Target "ComputeCrtSDKReference" skipped, due to false condition; ('@(ClCompile)'!='' and '$(WindowsAppContainer)'=='true' and '$(UseCrtSDKReference)' != 'false') was evaluated as ('main.cpp;SinglyLinkedList.cpp;StackLinkedList.cpp'!='' and 'false'=='true' and '' != 'false').
     1>Target "GetInstalledSDKLocations" in file "C:\Program Files (x86)\MSBuild\14.0\bin\Microsoft.Common.CurrentVersion.targets" from project "C:\Users\Anya\Documents\Visual Studio 2015\Projects\Lab2\Lab2\Lab2.vcxproj" (target "ResolveSDKReferences" depends on it):
       Task "GetInstalledSDKLocations" skipped, due to false condition; ('@(SDKReference)' != '') was evaluated as ('' != '').
       Task "GetInstalledSDKLocations" skipped, due to false condition; ('@(SDKReference)' != '' and '$(SupportWindows81SDKs)' == 'true' and '$(TargetPlatformIdentifierWindows81)' != '' and '$(TargetPlatformVersionWindows81)' != '') was evaluated as ('' != '' and '' == 'true' and '' != '' and '' != '').
       Task "GetInstalledSDKLocations" skipped, due to false condition; ('@(SDKReference)' != '' and '$(SupportWindowsPhone81SDKs)' == 'true' and '$(TargetPlatformIdentifierWindowsPhone81)' != '' and '$(TargetPlatformVersionWindowsPhone81)' != '') was evaluated as ('' != '' and '' == 'true' and '' != '' and '' != '').
     1>Done building target "GetInstalledSDKLocations" in project "Lab2.vcxproj".
     1>Target "ResolveSDKReferences" in file "C:\Program Files (x86)\MSBuild\14.0\bin\Microsoft.Common.CurrentVersion.targets" from project "C:\Users\Anya\Documents\Visual Studio 2015\Projects\Lab2\Lab2\Lab2.vcxproj" (target "ResolveAssemblyReferences" depends on it):
       Task "ResolveSDKReference" skipped, due to false condition; ('@(SDKReference)'!='') was evaluated as (''!='').
     1>Done building target "ResolveSDKReferences" in project "Lab2.vcxproj".
       Target "ResolveSDKReferences" skipped. Previously built successfully.
     1>Target "ExpandSDKReferences" in file "C:\Program Files (x86)\MSBuild\14.0\bin\Microsoft.Common.CurrentVersion.targets" from project "C:\Users\Anya\Documents\Visual Studio 2015\Projects\Lab2\Lab2\Lab2.vcxproj" (target "ResolveAssemblyReferences" depends on it):
       Task "GetSDKReferenceFiles" skipped, due to false condition; ('@(ResolvedSDKReference)'!='') was evaluated as (''!='').
     1>Done building target "ExpandSDKReferences" in project "Lab2.vcxproj".
       Target "ResolveNuGetPackageAssets" skipped, due to false condition; ('$(ResolveNuGetPackages)' == 'true' and exists('$(ProjectLockFile)')) was evaluated as ('true' == 'true' and exists('project.lock.json')).
     1>Target "ResolveAssemblyReferences" in file "C:\Program Files (x86)\MSBuild\14.0\bin\Microsoft.Common.CurrentVersion.targets" from project "C:\Users\Anya\Documents\Visual Studio 2015\Projects\Lab2\Lab2\Lab2.vcxproj" (target "ResolveReferences" depends on it):
       Task "ResolveAssemblyReference" skipped, due to false condition; ('@(Reference)'!='' or '@(_ResolvedProjectReferencePaths)'!='' or '@(_ExplicitReference)' != '') was evaluated as (''!='' or ''!='' or '' != '').
     1>Done building target "ResolveAssemblyReferences" in project "Lab2.vcxproj".
       Target "GenerateBindingRedirects" skipped, due to false condition; ('$(AutoGenerateBindingRedirects)' == 'true' and '$(GenerateBindingRedirectsOutputType)' == 'true') was evaluated as ('' == 'true' and 'true' == 'true').
       Target "GenerateBindingRedirectsUpdateAppConfig" skipped, due to false condition; ('$(AutoGenerateBindingRedirects)' == 'true' and '$(GenerateBindingRedirectsOutputType)' == 'true' and Exists('$(_GenerateBindingRedirectsIntermediateAppConfig)')) was evaluated as ('' == 'true' and 'true' == 'true' and Exists('Debug\Lab2.vcxproj.Lab2.exe.config')).
       Target "ResolveComReferences" skipped, due to false condition; ('@(COMReference)'!='' or '@(COMFileReference)'!='') was evaluated as (''!='' or ''!='').
     1>Target "AfterResolveReferences" in file "C:\Program Files (x86)\MSBuild\14.0\bin\Microsoft.Common.CurrentVersion.targets" from project "C:\Users\Anya\Documents\Visual Studio 2015\Projects\Lab2\Lab2\Lab2.vcxproj" (target "ResolveReferences" depends on it):
     1>Done building target "AfterResolveReferences" in project "Lab2.vcxproj".
       Target "ImplicitlyExpandDesignTimeFacades" skipped, due to false condition; ('$(ImplicitlyExpandDesignTimeFacades)' == 'true') was evaluated as ('' == 'true').
       Target "ResolveTestReferences" skipped, due to false condition; ('@(Shadow)'!='') was evaluated as (''!='').
     1>Target "ResolveReferences" in file "C:\Program Files (x86)\MSBuild\14.0\bin\Microsoft.Common.CurrentVersion.targets" from project "C:\Users\Anya\Documents\Visual Studio 2015\Projects\Lab2\Lab2\Lab2.vcxproj" (target "Build" depends on it):
     1>Done building target "ResolveReferences" in project "Lab2.vcxproj".
       Target "PrepareForBuild" skipped. Previously built successfully.
       Target "PrepareForBuild" skipped. Previously built successfully.
     1>Target "InitializeBuildStatus" in file "C:\Program Files (x86)\MSBuild\Microsoft.Cpp\v4.0\V140\Microsoft.CppBuild.targets" from project "C:\Users\Anya\Documents\Visual Studio 2015\Projects\Lab2\Lab2\Lab2.vcxproj" (target "Build" depends on it):
       Using "ReadLinesFromFile" task from assembly "Microsoft.Build.Tasks.Core, Version=14.0.0.0, Culture=neutral, PublicKeyToken=b03f5f7f11d50a3a".
       Task "ReadLinesFromFile"
       Done executing task "ReadLinesFromFile".
       Using "WriteLinesToFile" task from assembly "Microsoft.Build.Tasks.Core, Version=14.0.0.0, Culture=neutral, PublicKeyToken=b03f5f7f11d50a3a".
       Task "WriteLinesToFile"
       Done executing task "WriteLinesToFile".
       Using "Touch" task from assembly "Microsoft.Build.Tasks.Core, Version=14.0.0.0, Culture=neutral, PublicKeyToken=b03f5f7f11d50a3a".
       Task "Touch"
         Touching "Debug\Lab2.tlog\unsuccessfulbuild".
       Done executing task "Touch".
     1>Done building target "InitializeBuildStatus" in project "Lab2.vcxproj".
       Target "AssignProjectConfiguration" skipped. Previously built successfully.
       Target "_SplitProjectReferencesByFileExistence" skipped. Previously built successfully.
     1>Target "BuildGenerateSourcesTraverse" in file "C:\Program Files (x86)\MSBuild\14.0\bin\Microsoft.Common.CurrentVersion.targets" from project "C:\Users\Anya\Documents\Visual Studio 2015\Projects\Lab2\Lab2\Lab2.vcxproj" (target "BuildGenerateSources" depends on it):
       Task "MSBuild" skipped, due to false condition; ('$(BuildPassReferences)' == 'true' and '@(ProjectReferenceWithConfiguration)' != '' and '@(_MSBuildProjectReferenceExistent)' != '' and '%(_MSBuildProjectReferenceExistent.BuildReference)' == 'true') was evaluated as ('' == 'true' and '' != '' and '' != '' and '' == 'true').
     1>Done building target "BuildGenerateSourcesTraverse" in project "Lab2.vcxproj".
       Target "PrepareForBuild" skipped. Previously built successfully.
       Target "ResolveReferences" skipped. Previously built successfully.
     1>Target "BeforeBuildGenerateSources" in file "C:\Program Files (x86)\MSBuild\Microsoft.Cpp\v4.0\V140\Microsoft.BuildSteps.Targets" from project "C:\Users\Anya\Documents\Visual Studio 2015\Projects\Lab2\Lab2\Lab2.vcxproj" (target "_BuildGenerateSourcesAction" depends on it):
     1>Done building target "BeforeBuildGenerateSources" in project "Lab2.vcxproj".
     1>Target "PreBuildEvent" in file "C:\Program Files (x86)\MSBuild\Microsoft.Cpp\v4.0\V140\Microsoft.CppCommon.targets" from project "C:\Users\Anya\Documents\Visual Studio 2015\Projects\Lab2\Lab2\Lab2.vcxproj" (target "_BuildGenerateSourcesAction" depends on it):
       Task "Message" skipped, due to false condition; ('%(PreBuildEvent.Message)' != '' and '%(PreBuildEvent.Command)' != '') was evaluated as ('' != '' and '' != '').
       Task "Exec" skipped, due to false condition; ('%(PreBuildEvent.Command)' != '') was evaluated as ('' != '').
     1>Done building target "PreBuildEvent" in project "Lab2.vcxproj".
       Target "CustomBuild" skipped, due to false condition; ('@(CustomBuild)' != '') was evaluated as ('' != '').
       Target "FxExport" skipped, due to false condition; ('@(FxCompile)' != '') was evaluated as ('' != '').
       Target "FxCompile" skipped, due to false condition; ('@(FxCompile)' != '') was evaluated as ('' != '').
       Target "Xsd" skipped, due to false condition; ('@(Xsd)' != '') was evaluated as ('' != '').
     1>Target "_Xsd" in file "C:\Program Files (x86)\MSBuild\Microsoft.Cpp\v4.0\V140\Microsoft.CppBuild.targets" from project "C:\Users\Anya\Documents\Visual Studio 2015\Projects\Lab2\Lab2\Lab2.vcxproj" (target "_BuildGenerateSourcesAction" depends on it):
     1>Done building target "_Xsd" in project "Lab2.vcxproj".
     1>Target "MakeDirsForMidl" in file "C:\Program Files (x86)\MSBuild\Microsoft.Cpp\v4.0\V140\Microsoft.CppBuild.targets" from project "C:\Users\Anya\Documents\Visual Studio 2015\Projects\Lab2\Lab2\Lab2.vcxproj" (target "_Midl" depends on it):
       Task "Makedir"
       Done executing task "Makedir".
     1>Done building target "MakeDirsForMidl" in project "Lab2.vcxproj".
       Target "Midl" skipped, due to false condition; ('@(Midl)' != '') was evaluated as ('' != '').
       Target "CustomBuild" skipped, due to false condition; ('@(CustomBuild)' != '') was evaluated as ('' != '').
       Target "FxExport" skipped, due to false condition; ('@(FxCompile)' != '') was evaluated as ('' != '').
       Target "FxCompile" skipped, due to false condition; ('@(FxCompile)' != '') was evaluated as ('' != '').
     1>Target "ComputeMIDLGeneratedCompileInputs" in file "C:\Program Files (x86)\MSBuild\Microsoft.Cpp\v4.0\V140\Microsoft.CppBuild.targets" from project "C:\Users\Anya\Documents\Visual Studio 2015\Projects\Lab2\Lab2\Lab2.vcxproj" (target "_Midl" depends on it):
     1>Done building target "ComputeMIDLGeneratedCompileInputs" in project "Lab2.vcxproj".
     1>Target "AfterMidl" in file "C:\Program Files (x86)\MSBuild\Microsoft.Cpp\v4.0\V140\Microsoft.CppBuild.targets" from project "C:\Users\Anya\Documents\Visual Studio 2015\Projects\Lab2\Lab2\Lab2.vcxproj" (target "_Midl" depends on it):
     1>Done building target "AfterMidl" in project "Lab2.vcxproj".
     1>Target "_Midl" in file "C:\Program Files (x86)\MSBuild\Microsoft.Cpp\v4.0\V140\Microsoft.CppBuild.targets" from project "C:\Users\Anya\Documents\Visual Studio 2015\Projects\Lab2\Lab2\Lab2.vcxproj" (target "_BuildGenerateSourcesAction" depends on it):
     1>Done building target "_Midl" in project "Lab2.vcxproj".
     1>Target "AfterBuildGenerateSources" in file "C:\Program Files (x86)\MSBuild\Microsoft.Cpp\v4.0\V140\Microsoft.BuildSteps.Targets" from project "C:\Users\Anya\Documents\Visual Studio 2015\Projects\Lab2\Lab2\Lab2.vcxproj" (target "_BuildGenerateSourcesAction" depends on it):
     1>Done building target "AfterBuildGenerateSources" in project "Lab2.vcxproj".
     1>Target "AfterBuildGenerateSourcesEvent" in file "C:\Program Files (x86)\MSBuild\Microsoft.Cpp\v4.0\V140\Microsoft.CppBuild.targets" from project "C:\Users\Anya\Documents\Visual Studio 2015\Projects\Lab2\Lab2\Lab2.vcxproj" (target "_BuildGenerateSourcesAction" depends on it):
     1>Done building target "AfterBuildGenerateSourcesEvent" in project "Lab2.vcxproj".
     1>Target "_BuildGenerateSourcesAction" in file "C:\Program Files (x86)\MSBuild\Microsoft.Cpp\v4.0\V140\Microsoft.CppBuild.targets" from project "C:\Users\Anya\Documents\Visual Studio 2015\Projects\Lab2\Lab2\Lab2.vcxproj" (target "BuildGenerateSources" depends on it):
     1>Done building target "_BuildGenerateSourcesAction" in project "Lab2.vcxproj".
     1>Target "BuildGenerateSources" in file "C:\Program Files (x86)\MSBuild\14.0\bin\Microsoft.Common.CurrentVersion.targets" from project "C:\Users\Anya\Documents\Visual Studio 2015\Projects\Lab2\Lab2\Lab2.vcxproj" (target "Build" depends on it):
     1>Done building target "BuildGenerateSources" in project "Lab2.vcxproj".
       Target "AssignProjectConfiguration" skipped. Previously built successfully.
       Target "_SplitProjectReferencesByFileExistence" skipped. Previously built successfully.
     1>Target "BuildCompileTraverse" in file "C:\Program Files (x86)\MSBuild\14.0\bin\Microsoft.Common.CurrentVersion.targets" from project "C:\Users\Anya\Documents\Visual Studio 2015\Projects\Lab2\Lab2\Lab2.vcxproj" (target "BuildCompile" depends on it):
       Task "MSBuild" skipped, due to false condition; ('$(BuildPassReferences)' == 'true' and '@(ProjectReferenceWithConfiguration)' != '' and '@(_MSBuildProjectReferenceExistent)' != ''  and '%(_MSBuildProjectReferenceExistent.BuildReference)' == 'true') was evaluated as ('' == 'true' and '' != '' and '' != ''  and '' == 'true').
     1>Done building target "BuildCompileTraverse" in project "Lab2.vcxproj".
       Target "PrepareForBuild" skipped. Previously built successfully.
       Target "ResolveReferences" skipped. Previously built successfully.
     1>Target "BeforeClCompile" in file "C:\Program Files (x86)\MSBuild\Microsoft.Cpp\v4.0\V140\Microsoft.CppBuild.targets" from project "C:\Users\Anya\Documents\Visual Studio 2015\Projects\Lab2\Lab2\Lab2.vcxproj" (target "_ClCompile" depends on it):
     1>Done building target "BeforeClCompile" in project "Lab2.vcxproj".
       Target "ComputeMIDLGeneratedCompileInputs" skipped. Previously built successfully.
     1>Target "ComputeCLInputPDBName" in file "C:\Program Files (x86)\MSBuild\Microsoft.Cpp\v4.0\V140\Microsoft.CppBuild.targets" from project "C:\Users\Anya\Documents\Visual Studio 2015\Projects\Lab2\Lab2\Lab2.vcxproj" (target "_ClCompile" depends on it):
     1>Done building target "ComputeCLInputPDBName" in project "Lab2.vcxproj".
       Target "ResolveReferences" skipped. Previously built successfully.
     1>Target "ComputeReferenceCLInput" in file "C:\Program Files (x86)\MSBuild\Microsoft.Cpp\v4.0\V140\Microsoft.CppBuild.targets" from project "C:\Users\Anya\Documents\Visual Studio 2015\Projects\Lab2\Lab2\Lab2.vcxproj" (target "_ClCompile" depends on it):
       Task "WriteLinesToFile" skipped, due to false condition; (('@(_ReferenceCopyLocalPaths)'!='') and '$(DesignTimeBuild)' != 'true') was evaluated as ((''!='') and '' != 'true').
       Task "Message" skipped, due to false condition; ('$(_REFERENCE_DEBUG)'=='true') was evaluated as (''=='true').
     1>Done building target "ComputeReferenceCLInput" in project "Lab2.vcxproj".
     1>Target "WarnCompileDuplicatedFilename" in file "C:\Program Files (x86)\MSBuild\Microsoft.Cpp\v4.0\V140\Microsoft.CppBuild.targets" from project "C:\Users\Anya\Documents\Visual Studio 2015\Projects\Lab2\Lab2\Lab2.vcxproj" (target "_ClCompile" depends on it):
       Task "VCMessage" skipped, due to false condition; ('%(ClCompile.ExcludedFromBuild)' != 'true' and '%(Filename)%(Extension)' != '@(ClCompile->'%(Filename)%(Extension)')' and '%(ObjectFileName)' == '@(ClCompile->Metadata(ObjectFileName)->Distinct())') was evaluated as ('' != 'true' and 'main.cpp' != 'main.cpp' and 'Debug\' == 'Debug\').
       Task "VCMessage" skipped, due to false condition; ('%(ClCompile.ExcludedFromBuild)' != 'true' and '%(Filename)%(Extension)' != '@(ClCompile->'%(Filename)%(Extension)')' and '%(ObjectFileName)' == '@(ClCompile->Metadata(ObjectFileName)->Distinct())') was evaluated as ('' != 'true' and 'SinglyLinkedList.cpp' != 'SinglyLinkedList.cpp' and 'Debug\' == 'Debug\').
       Task "VCMessage" skipped, due to false condition; ('%(ClCompile.ExcludedFromBuild)' != 'true' and '%(Filename)%(Extension)' != '@(ClCompile->'%(Filename)%(Extension)')' and '%(ObjectFileName)' == '@(ClCompile->Metadata(ObjectFileName)->Distinct())') was evaluated as ('' != 'true' and 'StackLinkedList.cpp' != 'StackLinkedList.cpp' and 'Debug\' == 'Debug\').
     1>Done building target "WarnCompileDuplicatedFilename" in project "Lab2.vcxproj".
     1>Target "FixupCLCompileOptions" in file "C:\Program Files (x86)\MSBuild\Microsoft.Cpp\v4.0\V140\Microsoft.CppCommon.targets" from project "C:\Users\Anya\Documents\Visual Studio 2015\Projects\Lab2\Lab2\Lab2.vcxproj" (target "_ClCompile" depends on it):
     1>Done building target "FixupCLCompileOptions" in project "Lab2.vcxproj".
     1>Target "MakeDirsForCl" in file "C:\Program Files (x86)\MSBuild\Microsoft.Cpp\v4.0\V140\Microsoft.CppBuild.targets" from project "C:\Users\Anya\Documents\Visual Studio 2015\Projects\Lab2\Lab2\Lab2.vcxproj" (target "_ClCompile" depends on it):
       Task "MakeDir"
       Done executing task "MakeDir".
     1>Done building target "MakeDirsForCl" in project "Lab2.vcxproj".
       Target "PrepareForBuild" skipped. Previously built successfully.
       Target "SetBuildDefaultEnvironmentVariables" skipped. Previously built successfully.
       Target "SetUserMacroEnvironmentVariables" skipped, due to false condition; ('@(BuildMacro)' != '' and '$(DesignTimeBuild)' != 'true') was evaluated as ('' != '' and '' != 'true').
     1>Target "_SelectedFiles" in file "C:\Program Files (x86)\MSBuild\Microsoft.Cpp\v4.0\V140\Microsoft.CppBuild.targets" from project "C:\Users\Anya\Documents\Visual Studio 2015\Projects\Lab2\Lab2\Lab2.vcxproj" (target "SelectClCompile" depends on it):
     1>Done building target "_SelectedFiles" in project "Lab2.vcxproj".
       Target "ComputeMIDLGeneratedCompileInputs" skipped. Previously built successfully.
       Target "ComputeCLInputPDBName" skipped. Previously built successfully.
       Target "ComputeReferenceCLInput" skipped. Previously built successfully.
       Target "WarnCompileDuplicatedFilename" skipped. Previously built successfully.
       Target "FixupCLCompileOptions" skipped. Previously built successfully.
       Target "_SelectedFiles" skipped. Previously built successfully.
     1>Target "SelectCustomBuild" in file "C:\Program Files (x86)\MSBuild\Microsoft.Cpp\v4.0\V140\Microsoft.CppBuild.targets" from project "C:\Users\Anya\Documents\Visual Studio 2015\Projects\Lab2\Lab2\Lab2.vcxproj" (target "SelectClCompile" depends on it):
     1>Done building target "SelectCustomBuild" in project "Lab2.vcxproj".
     1>Target "SelectClCompile" in file "C:\Program Files (x86)\MSBuild\Microsoft.Cpp\v4.0\V140\Microsoft.CppBuild.targets" from project "C:\Users\Anya\Documents\Visual Studio 2015\Projects\Lab2\Lab2\Lab2.vcxproj" (target "ClCompile" depends on it):
     1>Done building target "SelectClCompile" in project "Lab2.vcxproj".
       Target "GenerateTargetFrameworkMonikerAttribute" skipped, due to false condition; ('$(GenerateTargetFrameworkAttribute)' == 'true') was evaluated as ('false' == 'true').
       Target "ManagedIncrementalBuildPreProcessDependencyGraph" skipped, due to false condition; ('@(ClCompile)' != '' and '$(EnableManagedIncrementalBuild)' == 'True') was evaluated as ('main.cpp;SinglyLinkedList.cpp;StackLinkedList.cpp' != '' and 'false' == 'True').
     1>Target "ClCompile" in file "C:\Program Files (x86)\MSBuild\Microsoft.Cpp\v4.0\V140\Microsoft.CppCommon.targets" from project "C:\Users\Anya\Documents\Visual Studio 2015\Projects\Lab2\Lab2\Lab2.vcxproj" (target "_ClCompile" depends on it):
       Task "Delete" skipped, due to false condition; ('%(ClCompile.DebugInformationFormat)' != '' and '%(ClCompile.DebugInformationFormat)' != 'None' and '%(ClCompile.DebugInformationFormat)' != 'OldStyle' and '%(ClCompile.ProgramDataBaseFileName)' != '' and !Exists(%(ClCompile.ProgramDataBaseFileName))) was evaluated as ('EditAndContinue' != '' and 'EditAndContinue' != 'None' and 'EditAndContinue' != 'OldStyle' and 'Debug\vc140.pdb' != '' and !Exists(Debug\vc140.pdb)).
       Task "CL" skipped, due to false condition; ('%(ClCompile.PrecompiledHeader)' == 'Create' and '%(ClCompile.ExcludedFromBuild)'!='true' and '%(ClCompile.CompilerIteration)' == '') was evaluated as ('NotUsing' == 'Create' and ''!='true' and '' == '').
       Using "CL" task from assembly "C:\Program Files (x86)\MSBuild\Microsoft.Cpp\v4.0\V140\Microsoft.Build.CppTasks.Common.dll".
       Task "CL"
         Read Tracking Logs:
         	Debug\Lab2.tlog\CL.read.1.tlog
         Outputs for C:\USERS\ANYA\DOCUMENTS\VISUAL STUDIO 2015\PROJECTS\LAB2\LAB2\MAIN.CPP|C:\USERS\ANYA\DOCUMENTS\VISUAL STUDIO 2015\PROJECTS\LAB2\LAB2\SINGLYLINKEDLIST.CPP|C:\USERS\ANYA\DOCUMENTS\VISUAL STUDIO 2015\PROJECTS\LAB2\LAB2\STACKLINKEDLIST.CPP:
         	C:\USERS\ANYA\DOCUMENTS\VISUAL STUDIO 2015\PROJECTS\LAB2\LAB2\DEBUG\MAIN.OBJ
         	C:\USERS\ANYA\DOCUMENTS\VISUAL STUDIO 2015\PROJECTS\LAB2\LAB2\DEBUG\SINGLYLINKEDLIST.OBJ
         	C:\USERS\ANYA\DOCUMENTS\VISUAL STUDIO 2015\PROJECTS\LAB2\LAB2\DEBUG\STACKLINKEDLIST.OBJ
         SinglyLinkedList.cpp will be compiled as output C:\USERS\ANYA\DOCUMENTS\VISUAL STUDIO 2015\PROJECTS\LAB2\LAB2\DEBUG\SINGLYLINKEDLIST.OBJ does not exist.
         main.cpp will be compiled as output C:\USERS\ANYA\DOCUMENTS\VISUAL STUDIO 2015\PROJECTS\LAB2\LAB2\DEBUG\MAIN.OBJ does not exist.
         Environment Variables passed to tool:
           VS_UNICODE_OUTPUT=1548
         C:\Program Files (x86)\Microsoft Visual Studio 14.0\VC\bin\CL.exe /c /ZI /nologo /W3 /WX- /sdl /Od /Oy- /D _MBCS /Gm /EHsc /RTC1 /MDd /GS /fp:precise /Zc:wchar_t /Zc:forScope /Zc:inline /Fo"Debug\\" /Fd"Debug\vc140.pdb" /Gd /TP /analyze- /errorReport:prompt SinglyLinkedList.cpp main.cpp
         Tracking command:
         C:\Program Files (x86)\MSBuild\14.0\bin\Tracker.exe /d "C:\Program Files (x86)\MSBuild\14.0\bin\FileTracker.dll" /i "C:\Users\Anya\Documents\Visual Studio 2015\Projects\Lab2\Lab2\Debug\Lab2.tlog" /r "C:\USERS\ANYA\DOCUMENTS\VISUAL STUDIO 2015\PROJECTS\LAB2\LAB2\MAIN.CPP|C:\USERS\ANYA\DOCUMENTS\VISUAL STUDIO 2015\PROJECTS\LAB2\LAB2\SINGLYLINKEDLIST.CPP" /b MSBuildConsole_CancelEvent6d3c72976cb24efab76f7b24ad7c1b6b  /c "C:\Program Files (x86)\Microsoft Visual Studio 14.0\VC\bin\CL.exe"  /c /ZI /nologo /W3 /WX- /sdl /Od /Oy- /D _MBCS /Gm /EHsc /RTC1 /MDd /GS /fp:precise /Zc:wchar_t /Zc:forScope /Zc:inline /Fo"Debug\\" /Fd"Debug\vc140.pdb" /Gd /TP /analyze- /errorReport:prompt SinglyLinkedList.cpp main.cpp
         main.cpp
     1>c:\users\anya\documents\visual studio 2015\projects\lab2\lab2\singlylinkedlist.cpp(15): error C2440: 'initializing': cannot convert from 'Node<DataType>' to 'Node<DataType> *'
                 with
                 [
                     DataType=int
                 ]
         c:\users\anya\documents\visual studio 2015\projects\lab2\lab2\singlylinkedlist.cpp(15): note: No user-defined-conversion operator available that can perform this conversion, or the operator cannot be called
         c:\users\anya\documents\visual studio 2015\projects\lab2\lab2\singlylinkedlist.cpp(14): note: while compiling class template member function 'SinglyLinkedList<int>::~SinglyLinkedList(void)'
         c:\users\anya\documents\visual studio 2015\projects\lab2\lab2\main.cpp(5): note: see reference to function template instantiation 'SinglyLinkedList<int>::~SinglyLinkedList(void)' being compiled
         c:\users\anya\documents\visual studio 2015\projects\lab2\lab2\main.cpp(5): note: see reference to class template instantiation 'SinglyLinkedList<int>' being compiled
     1>c:\users\anya\documents\visual studio 2015\projects\lab2\lab2\singlylinkedlist.cpp(32): error C2664: 'Node<DataType>::Node(Node<DataType> &&)': cannot convert argument 2 from 'Node<DataType>' to 'Node<DataType> *'
                 with
                 [
                     DataType=int
                 ]
         c:\users\anya\documents\visual studio 2015\projects\lab2\lab2\singlylinkedlist.cpp(32): note: No user-defined-conversion operator available that can perform this conversion, or the operator cannot be called
         c:\users\anya\documents\visual studio 2015\projects\lab2\lab2\singlylinkedlist.cpp(30): note: while compiling class template member function 'void SinglyLinkedList<int>::add(DataType)'
                 with
                 [
                     DataType=int
                 ]
         c:\users\anya\documents\visual studio 2015\projects\lab2\lab2\main.cpp(6): note: see reference to function template instantiation 'void SinglyLinkedList<int>::add(DataType)' being compiled
                 with
                 [
                     DataType=int
                 ]
     1>c:\users\anya\documents\visual studio 2015\projects\lab2\lab2\singlylinkedlist.cpp(175): error C2440: 'initializing': cannot convert from 'Node<DataType>' to 'Node<DataType> *'
                 with
                 [
                     DataType=int
                 ]
         c:\users\anya\documents\visual studio 2015\projects\lab2\lab2\singlylinkedlist.cpp(175): note: No user-defined-conversion operator available that can perform this conversion, or the operator cannot be called
         c:\users\anya\documents\visual studio 2015\projects\lab2\lab2\singlylinkedlist.cpp(174): note: while compiling class template member function 'void SinglyLinkedList<int>::printList(void)'
         c:\users\anya\documents\visual studio 2015\projects\lab2\lab2\main.cpp(10): note: see reference to function template instantiation 'void SinglyLinkedList<int>::printList(void)' being compiled
         SinglyLinkedList.cpp
     1>c:\users\anya\documents\visual studio 2015\projects\lab2\lab2\singlylinkedlist.cpp(10): error C2995: 'SinglyLinkedList<DataType>::SinglyLinkedList(void)': function template has already been defined
         c:\users\anya\documents\visual studio 2015\projects\lab2\lab2\singlylinkedlist.h(15): note: see declaration of 'SinglyLinkedList<DataType>::SinglyLinkedList'
     1>c:\users\anya\documents\visual studio 2015\projects\lab2\lab2\singlylinkedlist.cpp(26): error C2995: 'SinglyLinkedList<DataType>::~SinglyLinkedList(void)': function template has already been defined
         c:\users\anya\documents\visual studio 2015\projects\lab2\lab2\singlylinkedlist.h(20): note: see declaration of 'SinglyLinkedList<DataType>::~SinglyLinkedList'
     1>c:\users\anya\documents\visual studio 2015\projects\lab2\lab2\singlylinkedlist.cpp(35): error C2995: 'void SinglyLinkedList<DataType>::add(DataType)': function template has already been defined
         c:\users\anya\documents\visual studio 2015\projects\lab2\lab2\singlylinkedlist.h(27): note: see declaration of 'SinglyLinkedList<DataType>::add'
     1>c:\users\anya\documents\visual studio 2015\projects\lab2\lab2\singlylinkedlist.cpp(94): error C2995: 'void SinglyLinkedList<DataType>::add(DataType,DataType)': function template has already been defined
         c:\users\anya\documents\visual studio 2015\projects\lab2\lab2\singlylinkedlist.h(43): note: see declaration of 'SinglyLinkedList<DataType>::add'
     1>c:\users\anya\documents\visual studio 2015\projects\lab2\lab2\singlylinkedlist.cpp(126): error C2995: 'void SinglyLinkedList<DataType>::remove(DataType)': function template has already been defined
         c:\users\anya\documents\visual studio 2015\projects\lab2\lab2\singlylinkedlist.h(50): note: see declaration of 'SinglyLinkedList<DataType>::remove'
     1>c:\users\anya\documents\visual studio 2015\projects\lab2\lab2\singlylinkedlist.cpp(143): error C2995: 'int SinglyLinkedList<DataType>::find(DataType)': function template has already been defined
         c:\users\anya\documents\visual studio 2015\projects\lab2\lab2\singlylinkedlist.h(57): note: see declaration of 'SinglyLinkedList<DataType>::find'
     1>c:\users\anya\documents\visual studio 2015\projects\lab2\lab2\singlylinkedlist.cpp(163): error C2995: 'void SinglyLinkedList<DataType>::emptyList(void)': function template has already been defined
         c:\users\anya\documents\visual studio 2015\projects\lab2\lab2\singlylinkedlist.h(64): note: see declaration of 'SinglyLinkedList<DataType>::emptyList'
     1>c:\users\anya\documents\visual studio 2015\projects\lab2\lab2\singlylinkedlist.cpp(170): error C2995: 'int SinglyLinkedList<DataType>::countNodes(void)': function template has already been defined
         c:\users\anya\documents\visual studio 2015\projects\lab2\lab2\singlylinkedlist.h(71): note: see declaration of 'SinglyLinkedList<DataType>::countNodes'
     1>c:\users\anya\documents\visual studio 2015\projects\lab2\lab2\singlylinkedlist.cpp(181): error C2995: 'void SinglyLinkedList<DataType>::printList(void)': function template has already been defined
         c:\users\anya\documents\visual studio 2015\projects\lab2\lab2\singlylinkedlist.h(76): note: see declaration of 'SinglyLinkedList<DataType>::printList'
         Generating Code...
         The command exited with code 2.
       Done executing task "CL" -- FAILED.
     1>Done building target "ClCompile" in project "Lab2.vcxproj" -- FAILED.
     1>Done Building Project "C:\Users\Anya\Documents\Visual Studio 2015\Projects\Lab2\Lab2\Lab2.vcxproj" (Build target(s)) -- FAILED.

Build FAILED.

Time Elapsed 00:00:00.99
